  --------------------------------------------------------------------------
                      pulsar  PSR B1855+0
      Date   JD-2400000.5    UTC[sec]    Err[mcs]    TB[sec]      Res[mcs ]
  __________________________________________________________________________
    1)  6-Jan-86  46436  59349.73467680      .85  58982.22049710    2555.85
    2)  7-Jan-86  46437  58747.49825880      .85  58376.69091860    1138.08
    3)  9-Jan-86  46439  58541.81671430      .85  58171.13297510   -1576.35
    4) 10-Jan-86  46440  58416.67589900     1.06  58049.49025460    2549.30
    5) 18-Jan-86  46448  55398.51514380      .85  55040.80918330   -2131.41
    6) 24-Jan-86  46454  53912.57990070      .88  53571.15408440     683.17
    7) 27-Jan-86  46457  51545.57786670      .85  51218.00175678    2151.33
    8)  6-Feb-86  46467  49294.50115180     1.18  48994.12120570      56.76
    9) 24-Feb-86  46485  45482.22744470      .85  45257.34430530   -1397.00
   10) 22-Mar-86  46511  40634.94779180      .85  40569.73117620    2519.85
   11) 10-Apr-86  46530  35833.04059756     1.14  35919.89182170    -697.28
   12) 23-Apr-86  46543  30807.77517800      .85  30987.50172440   -1440.20
   13)  8-Mai-86  46558  27354.99916830     1.42  27627.43884610     752.55
   14) 24-Mai-86  46574  26442.34221810      .85  26793.22675260     964.63
   15)  9-Jun-86  46590  19267.14215150     1.98  19697.48108460    1510.52
   16) 20-Jun-86  46601  18653.72072770     1.84  19109.36432620   -2344.79
   17)  2-Jul-86  46613  14726.90549530     1.00  15199.51926520   -2150.39
   18) 14-Jul-86  46625  14411.64373710     6.06  14884.43167510   -2049.59
   19) 30-Jul-86  46641   7098.06159339     3.62   7560.61412040   -1825.73
   20) 15-Aug-86  46657   4888.99173310     2.10   5292.08322362   -1453.95
   21) 29-Aug-86  46671   1009.34078400     1.52   1337.47882190    1291.25
   22) 10-Sep-86  46683  83920.10527770     3.64  84169.13150510     -22.44
   23) 22-Sep-86  46695  82043.09950703     2.84  82213.27340580     138.58
   24) 13-Oct-86  46716  78517.86409010      .85  78552.32101700   -1050.09
   25) 10-Nov-86  46744  70352.99570820     5.04  70183.18952010    -211.61
   26) 20-Nov-86  46754  66206.74141090      .85  65989.34805590   -2622.98
   27)  1-Dec-86  46765  65576.75760190     2.10  65308.08632115   -1088.05
   28) 14-Dec-86  46778  61085.78401670      .96  60768.02511676   -1823.12
  __________________________________________________________________________
   29) 14-Jan-87  46809  55954.74667130      .85  55588.12146260     867.75
   30)  2-Feb-87  46828  49631.79553920     3.48  49319.07309192   -1920.64
   31) 15-Feb-87  46841  46108.93220690     1.60  45844.92799410   -2448.21
   32) 23-Apr-87  46908  32033.09215719     2.68  32195.33143590    2042.68
   33)  6-Mai-87  46921  27455.39853490     2.92  27706.36033470    1270.96
   34) 25-Jun-87  46971  18845.96246320     2.84  19312.75356070     -83.97
   35) 17-Jul-87  46993  10099.77099580     2.92  10568.86978850   -2445.60
   36) 31-Jul-87  47007   8379.83206500     2.48   8826.27141680     329.06
   37) 26-Aug-87  47033   1669.30513640      .85   2018.60109470   -2058.10
   38)  8-Sep-87  47046  85417.64956030      .85  85694.21820980     711.97
   39) 23-Oct-87  47091  75289.76814810     7.00  75238.00013532     -59.75
   40) 18-Nov-87  47117  68836.83278780     1.64  68618.90995510   -2071.85
  __________________________________________________________________________
   41) 10-Jan-88  47170  55516.67806980     1.84  55163.64777770   -1107.03
   42) 19-Apr-88  47270  32273.74470970     2.14  32431.68036980   -1248.42
   43)  9-Mai-88  47290  28264.55285670      .85  28538.44088540    -485.86
   44) 29-Mai-88  47310  22829.89882830      .85  23221.74081150     420.69
   45) 25-Jun-88  47337  14928.15826460     1.90  15394.19582780    2274.39
   46) 16-Jul-88  47358  10863.95032540     4.58  11352.36846970    1147.25
   47) 28-Aug-88  47401   1416.10299880     2.72   1746.58130740   -2620.36
   48)  6-Sep-88  47410  85951.76184970     1.84  86226.50656130     329.06
   49) 23-Sep-88  47427  83072.91941680      .90  83241.71346640    -926.38
   50)  5-Oct-88  47439  78450.79821130      .85  78532.47596450    -745.07
   51) 20-Oct-88  47454  75623.82877150     1.82  75607.57399560     758.44
   52)  2-Nov-88  47467  72481.34319210     1.36  72376.27810730    -293.42
   53) 18-Nov-88  47483  67826.49836870     1.22  67612.71964730     465.86
   54) 29-Nov-88  47494  65732.63851510     1.04  65469.22413280    2114.68
   55) 12-Dec-88  47507  62171.73168490     1.20  61855.21933970    1346.89
   56) 27-Dec-88  47522  58442.78924710     1.52  58082.23716640   -2196.21
  __________________________________________________________________________
   57) 15-Feb-89  47572  46757.64739110      .85  46485.57094040   -2263.63
   58)  1-Mai-89  47647  29993.64973570      .85  30214.87259730   -2596.14
   59) 18-Jan-89  47544  54179.99802020     1.20  53831.58043370    1780.20
   60) 30-Jan-89  47556  50710.00607471      .62  50389.72413830    2413.15
   61)  2-Mar-89  47587  46130.00723393     1.12  45943.90355290     -70.22
   62) 18-Mai-89  47664  24635.50258110      .68  24976.92552410    2079.33
   63) 30-Mai-89  47676  21935.50863250     1.70  22335.73785000    2445.88
   64) 16-Jun-89  47693  18545.50130230      .72  18998.40339500    1744.20
   65)  5-Jul-89  47712  14435.50443910      .59  14922.29796170   -2137.96
   66) 28-Jul-89  47735   8895.49559720      .59   9353.19271430    -572.92
   67) 17-Aug-89  47755   3955.49859360     1.42   4348.61485020    -184.77
   68)  4-Sep-89  47773  84855.50433180     2.60  85154.94904730    1142.01
   69) 25-Sep-89  47794  79735.50717100      .76  79883.86563250     -81.35
   70)  7-Oct-89  47806  77095.49817590      .59  77157.88155670     103.23
   71) 20-Oct-89  47819  73955.49566760      .90  73924.47839230   -1031.76
   72)  1-Nov-89  47831  73205.50835290      .59  73090.94053200    -781.07
   73)  2-Nov-89  47832  73045.50316640     1.16  72925.78432360   -2094.10
   74)  7-Nov-89  47837  71135.49589910     1.92  71000.25791700    2074.09
   75) 13-Nov-89  47843  70165.50668200     1.06  69974.87454520    -428.92
   76) 15-Nov-89  47845  69825.50182100      .59  69626.60984220    2333.30
   77)  9-Dec-89  47869  62895.50538650      .86  62580.65592580   -2193.59
   78) 20-Dec-89  47880  60295.50519560     1.10  59947.69208340    -354.30
  __________________________________________________________________________
   79)  2-Jan-90  47893  57075.49922080      .59  56710.15514090   -1110.96
   80) 14-Jan-90  47905  54265.50248430      .84  53902.02952473    -478.01
   81)  8-Mar-90  47958  41545.50379040     1.64  41401.05141844    1222.52
   82) 16-Mar-90  47966  39935.50067170      .72  39832.92547480    1614.60
   83) 25-Mar-90  47975  37655.50181410      .72  37628.49182320     876.26
   84) 29-Mar-90  47979  36815.49859250      .72  36802.84826170     890.01
   85)  9-Mai-90  48020  27085.50663270      .96  27369.15633130    1415.61
   86) 26-Mai-90  48037  23325.49821390      .68  23704.26740680     736.19
   87)  4-Jun-90  48046  21885.50891760      .74  22307.54785200    -572.92
   88) 11-Jun-90  48053  19075.50597480     1.10  19506.00807161     946.30
   89) 31-Jul-90  48103   7935.50198140      .59   8383.22157630   -1039.62
   90) 25-Aug-90  48128   1675.50415970      .59   2025.83778510   -2180.50
   91)  9-Sep-90  48143  84695.54444060      .59  84967.67707130   -1948.14
   92)  8-Oct-90  48172  77635.50152440     1.26  77706.71191390    2569.59
   93) 22-Oct-90  48186  74365.50132580     2.04  74328.52869540     169.34
   94) 12-Nov-90  48207  73365.49682470     1.16  73201.59862540    -943.40
   95) 19-Nov-90  48214  68705.50077060      .68  68483.93375900     640.62
   96) 13-Dec-90  48238  62455.50889370     1.08  62127.99667890    1548.49
   97) 21-Dec-90  48246  60085.49862830      .59  59750.82651940    2122.53
  __________________________________________________________________________
   98)  5-Jan-91  48261  57375.50254590      .66  57012.34948770   -1246.45
   99) 17-Jan-91  48273  54295.49898200      .59  53939.79739210    -575.54
  100) 28-Jan-91  48284  51085.50334520     1.24  50757.44374500    1446.38
  101)  7-Feb-91  48294  48845.50434250      .59  48557.74644950    -913.94
  102) 15-Feb-91  48302  47485.49905710      .59  47219.48320450    -415.83
  103) 25-Feb-91  48312  44975.49967860      .59  44754.00283157   -2621.02
  104)  7-Mar-91  48322  44005.50024820     1.82  43848.46504930     835.03
  105) 23-Mar-91  48338  38085.50036350      .82  38031.39884650    1494.16
  106)  6-Apr-91  48352  35205.50722740     2.30  35258.13085270    -387.03
  107)  9-Apr-91  48355  34135.50250240      .59  34219.45997620     980.34
  108) 17-Apr-91  48363  32135.50297920      .64  32261.42361750    1381.58
  109)  1-Mai-91  48377  29905.49877480     1.72  30135.15189780    -646.23
  110) 16-Mai-91  48392  25505.50536330     1.20  25836.08358905    1124.34
  111)  3-Jun-91  48410  21545.50710650      .59  21947.09831743    -968.27
  112) 13-Jun-91  48420  18925.50691080      .64  19371.79139430    2154.60
  113) 27-Jun-91  48434  15525.50999940     1.18  15996.49831360    -365.43
  114) 28-Jun-91  48435  15265.50010300      .60  15735.53733900   -1808.72
  115) 25-Aug-91  48493   2305.49955660      .70   2672.20579780    1613.94
  116) 11-Sep-91  48510  83995.50139300     2.44  84245.29207550   -1072.34
  117) 19-Sep-91  48518  81815.50203440      .59  82019.68687530    -726.08
  118) 23-Sep-91  48522  81415.50132600      .59  81584.00187724    -963.69
  119) 30-Sep-91  48529  79615.50174470      .64  79748.65916030     641.93
  120)  4-Oct-91  48533  78375.49679350      .62  78465.12971330     565.35
  121) 13-Nov-91  48573  68275.50863130     2.10  68095.96352980    1520.34
  122)  1-Dec-91  48591  65845.49935930     1.82  65579.07559884    -493.06
  123) 28-Dec-91  48618  58355.50587250      .60  58000.02796858    2038.09
  __________________________________________________________________________
  124) 13-Jan-92  48634  55765.49991320      .59  55404.39924200   -2704.14
  125) 26-Jan-92  48647  51665.49952030      .92  51327.11487800    2079.99
  126) 11-Mar-92  48692  41975.50278130     1.50  41847.44638760   -1989.37
  127) 25-Mar-92  48706  39165.50406180     1.10  39128.47488890    1234.30
  128)  5-Apr-92  48717  34435.50295350     1.80  34480.73441230   -2044.35
  129)  1-Mai-92  48743  29295.50356460      .74  29519.74110100    1596.93
  130) 18-Mai-92  48760  25755.49736840     4.46  26096.09337226     907.03
  131) 29-Mai-92  48771  23005.49745280     1.24  23394.89152220    2589.88
  132) 31-Mai-92  48773  22775.50634060      .59  23182.27719440     -99.02
  133) 22-Jul-92  48825  10115.50210720     1.16  10599.17571160     851.39
  134) 12-Aug-92  48846   5665.50673190      .80   6084.66924290    -268.55
  135) 25-Aug-92  48859   1715.50080720     1.62   2078.14255040   -1521.37
  136) 12-Sep-92  48877  84745.50197310     1.18  84984.96240040      23.38
  137)  3-Oct-92  48898  79555.50341480     2.42  79664.35525370   -1141.07
  138) 17-Oct-92  48912  75785.50159140     1.10  75787.46490540    1963.48
  139) 31-Oct-92  48926  72155.49977720     2.10  72052.31081880    -441.35
  140) 30-Nov-92  48956  65565.49869690     1.22  65296.35640940   -2276.72
  141) 17-Dec-92  48973  61685.49731220      .59  61360.92316220    2472.72
  __________________________________________________________________________
  142)  8-Apr-90  47989  35725.49570840      .86  35791.64478750   -1071.69
  143)  9-Apr-90  47990  36595.49976440      .90  36664.92359690   -2484.87
  144) 10-Apr-90  47991  35995.50294150      .96  36069.80190040    1466.01
  145) 11-Apr-90  47992  36705.50839640      .60  36787.03290921     101.93
  146) 12-Apr-90  47993  36235.50236300      .40  36326.41429790   -1152.85
  147) 13-Apr-90  47994  35135.50582710      .36  35237.40580550   -2365.74
  148) 14-Apr-90  47995  35905.49905370      .40  36019.34135770    1708.85
  149) 15-Apr-90  47996  35155.50751760      .38  35280.61732160     372.26
  150) 16-Apr-90  47997  34985.50517660      .46  35120.43174140    -983.98
  151) 17-Apr-90  47998  34675.50326060      .60  34818.02724047   -2266.90
  152) 22-Apr-90  48003  33535.50073980      .64  33695.81871450    2030.89
  153) 23-Apr-90  48004  33655.50958010      .33  33821.91029240     647.17
  154) 24-Apr-90  48005  32945.50962960      .46  33120.21696710    -644.92
  __________________________________________________________________________
  155) 15-Jan-89  47541  54310.00256953     1.24  53964.61364290      18.14
  156) 18-Jan-89  47544  54440.00004663     2.70  54091.57259910    1776.93
  157) 30-Jan-89  47556  50990.00894756      .90  50669.72230080    2409.88
  158) 18-Apr-89  47634  35125.50179110     1.32  35257.30879350   -1790.39
  159) 18-Mai-89  47664  24755.50073430      .67  25096.93469380    2077.37
  160) 30-Mai-89  47676  22295.50568240     1.86  22695.76536020    2439.99
  161) 16-Jun-89  47693  18185.50266430      .92  18638.41341920    1750.09
  162)  5-Jul-89  47712  14435.50482880      .67  14922.29796030   -2138.61
  163) 28-Jul-89  47735   8895.49559910      .67   9353.19271630    -570.96
  164) 17-Aug-89  47755   3955.49820080     1.12   4348.61484860    -186.08
  165)  4-Sep-89  47773  84615.50292970     2.14  84914.95215820    1148.56
  166) 25-Sep-89  47794  79855.50433580      .82  80003.85335650     -81.35
  167)  7-Oct-89  47806  77335.50042890      .67  77397.86236580     103.23
  168) 20-Oct-89  47819  73955.49508480     1.70  73924.47839300   -1031.11
  169)  1-Nov-89  47831  73205.50855360      .80  73090.94053400    -779.10
  170)  2-Nov-89  47832  72925.50467130     2.02  72805.79124060   -2091.48
  171)  7-Nov-89  47837  71255.49749590     4.40  71120.25099880    2069.51
  172) 13-Nov-89  47843  70165.50688200     1.66  69974.87454650    -427.61
  173) 15-Nov-89  47845  69945.50298450      .67  69746.60828970    2333.30
  174)  9-Dec-89  47869  64255.50151480     2.10  63940.63474020   -2213.88
  175) 20-Dec-89  47880  60895.50719390     3.08  60547.67358600    -366.73
  __________________________________________________________________________
  176)  2-Jan-90  47893  57075.49882670      .67  56710.15513780   -1113.58
  177) 14-Jan-90  47905  54265.50228740     1.70  53902.02952454    -478.01
  178)  8-Mar-90  47958  41785.50722550     1.96  41641.08584581    1219.90
  179) 25-Mar-90  47975  37895.50552800     1.00  37868.50480280     874.30
  180) 29-Mar-90  47979  36935.49860660     1.38  36922.85743310     890.01
  181)  9-Mai-90  48020  27085.50663410      .86  27369.15633260    1416.92
  182) 26-Mai-90  48037  23445.50093020      .67  23824.27121460     732.92
  183)  4-Jun-90  48046  22125.50830960      .96  22547.56619330    -576.19
  184) 11-Jun-90  48053  19195.50681160     1.34  19626.01187973     944.34
  185) 31-Jul-90  48103   7935.50198160      .67   8383.22157640   -1039.62
  186) 25-Aug-90  48128   1795.50295230      .84   2145.83086940   -2181.81
  187)  9-Sep-90  48143  84695.54443920      .86  84967.67706980   -1949.44
  188)  8-Oct-90  48172  77375.50142560     2.08  77446.74655960    2573.52
  189) 22-Oct-90  48186  74105.50177980     1.00  74068.56333910     170.65
  190) 12-Nov-90  48207  74205.50100200     1.38  74041.53948800    -957.80
  191) 19-Nov-90  48214  68705.50077070      .74  68483.93375920     641.28
  192) 13-Dec-90  48238  62455.50909510     1.44  62127.99668180    1551.11
  193) 21-Dec-90  48246  60205.50029840      .67  59870.81960250    2119.26
  __________________________________________________________________________
  194)  5-Jan-91  48261  57375.50314910      .72  57012.34948840   -1245.80
  195) 17-Jan-91  48273  54295.49918140      .67  53939.79739290    -574.88
  196) 28-Jan-91  48284  50965.50247550     1.54  50637.44529580    1445.72
  197)  7-Feb-91  48294  48845.50434290      .80  48557.74644980    -913.29
  198) 15-Feb-91  48302  47365.49732960      .70  47099.46867110    -414.52
  199) 25-Feb-91  48312  45095.50054680      .84  44874.01200268   -2622.32
  200)  7-Mar-91  48322  43885.49894680     3.14  43728.46124020     836.33
  201) 23-Mar-91  48338  37965.50508030     1.14  37911.38967690    1496.78
  202)  6-Apr-91  48352  36765.50227090      .82  36818.34122050    -411.24
  203)  9-Apr-91  48355  34135.50250260     1.00  34219.45997630     980.99
  204) 17-Apr-91  48363  32135.50278130      .94  32261.42361620    1380.92
  205) 16-Mai-91  48392  25755.50554720     2.46  26086.10224660    1119.76
  206)  3-Jun-91  48410  21545.50730630      .67  21947.09831858    -966.96
  207) 13-Jun-91  48420  18685.51070310     1.32  19131.79986670    2161.15
  208) 27-Jun-91  48434  15765.50703600     2.14  16236.48984540    -366.73
  209) 28-Jun-91  48435  15265.50010560     1.06  15735.53734150   -1806.10
  210) 11-Aug-91  48479   5205.50420460     1.64   5638.13454540   -1336.78
  211) 25-Aug-91  48493   2185.49893860      .67   2552.21807670    1616.56
  212) 11-Sep-91  48510  83635.50228690     3.08  83885.30746230   -1065.80
  213) 19-Sep-91  48518  81815.50203540      .67  82019.68687630    -724.78
  214) 23-Sep-91  48522  81415.50172610      .78  81584.00187784    -963.03
  215) 30-Sep-91  48529  79735.49949930      .92  79868.64151950     638.66
  216)  4-Oct-91  48533  78375.49699130      .92  78465.12971240     564.69
  217) 13-Nov-91  48573  69955.50489100     1.20  69775.93105210    1495.47
  218)  1-Dec-91  48591  67045.50317260     3.96  66778.96354010    -513.35
  219) 28-Dec-91  48618  58715.50698170      .90  58360.00722158    2034.17
  __________________________________________________________________________
  220) 13-Jan-92  48634  55885.50369270      .67  55524.40841390   -2704.14
  221) 26-Jan-92  48647  52385.49904250     1.74  52047.16990020    2069.51
  222) 11-Mar-92  48692  41735.50741360     2.06  41607.44413330   -1986.10
  223)  1-Mai-92  48743  29295.50376500      .94  29519.74110260    1598.89
  224) 18-Mai-92  48760  24075.49710010    11.44  24415.90600160     929.28
  225) 29-Mai-92  48771  22645.49681030     1.32  23034.85328910    2597.08
  226) 31-Mai-92  48773  23495.50951270      .68  23902.34294030    -110.80
  227) 22-Jul-92  48825  10235.50126140      .96  10719.16879610     849.43
  228) 12-Aug-92  48846   6265.50545680      .67   6684.67219590    -279.02
  229) 25-Aug-92  48859   2585.50279460      .67   2948.13262290   -1537.08
  230) 12-Sep-92  48877  84865.50270680      .84  85104.95012430      24.03
  231)  3-Oct-92  48898  79675.49877380     2.10  79784.33761330   -1143.03
  232) 17-Oct-92  48912  75905.50499870      .84  75907.45262660    1960.86
  233) 31-Oct-92  48926  72995.50154140     3.08  72892.20878240    -457.72
  234) 30-Nov-92  48956  65565.49929980     1.42  65296.35640980   -2276.07
  235) 17-Dec-92  48973  61805.49905490      .67  61480.91624570    2470.75
  __________________________________________________________________________
  236)  8-Apr-90  47989  35485.49608190     1.08  35551.63717140   -1068.42
  237)  9-Apr-90  47990  36955.50030740      .96  37024.94038240   -2491.41
  238) 10-Apr-90  47991  36955.50437830      .96  37029.86990060    1450.96
  239) 11-Apr-90  47992  35745.50614450      .62  35826.93809900     117.64
  240) 12-Apr-90  47993  36235.50733180      .50  36326.41965850   -1154.82
  241) 13-Apr-90  47994  35255.50375000      .44  35357.42033820   -2367.70
  242) 14-Apr-90  47995  35905.49925230      .52  36019.34135760    1708.85
  243) 15-Apr-90  47996  35155.50712600      .44  35280.61732120     371.60
  244) 16-Apr-90  47997  34865.50863430      .64  35000.42257150    -981.36
  245) 17-Apr-90  47998  35035.50361200      .68  35178.05475118   -2273.45
  246) 22-Apr-90  48003  33535.50015550      .64  33695.81871380    2030.24
  247) 23-Apr-90  48004  33895.50760230      .44  34061.92863320     643.90
  248) 24-Apr-90  48005  32945.50923720      .46  33120.21696590    -646.23
  __________________________________________________________________________
  249) 30-Jan-89  47556  50893.70413510      .85  50573.41897580    2410.54
  250) 18-Apr-89  47634  34732.81322240     1.24  34864.58855600   -1784.50
  251) 18-Mai-89  47664  24756.92692320      .85  25098.36101120    2075.40
  252) 30-Mai-89  47676  22286.93242150     1.90  22687.19136040    2438.68
  253) 16-Jun-89  47693  18176.07587446      .85  18628.98684600    1749.44
  254)  5-Jul-89  47712  14447.74044690      .85  14934.53427210   -2139.92
  255) 28-Jul-89  47735   8904.73966870      .85   9362.43697670    -571.61
  256) 17-Aug-89  47755   3821.92509340     2.22   4215.05565184    -183.46
  257)  4-Sep-89  47773  84617.95345660     1.88  84917.40263710    1147.90
  258) 25-Sep-89  47794  79856.85032330      .92  80005.19924260     -81.35
  259)  7-Oct-89  47806  77339.79048450      .85  77402.15204540     101.93
  260) 20-Oct-89  47819  73964.89549320     1.88  73933.87815460   -1031.76
  261)  1-Nov-89  47831  73215.00016584     1.00  73100.43145120    -779.76
  262) 13-Nov-89  47843  70166.75098130     1.28  69976.11855270    -428.92
  263)  9-Dec-89  47869  64558.97340360     1.10  64244.10281230   -2222.39
  264) 20-Dec-89  47880  60850.56053540     3.18  60502.72845990    -366.08
  __________________________________________________________________________
  265)  2-Jan-90  47893  57083.59021660      .85  56718.24654670   -1114.89
  266) 14-Jan-90  47905  54270.66057510     1.86  53907.18786470    -478.66
  __________________________________________________________________________
